2019-12-30 11:11:42  Contract inserted:  Response Code from JMS was: 500
2019-12-30 11:15:40  Contract inserted: {"status":"error","errors":[{"type":"RUNTIME","code":null,"message":"Error during parameters creation"}]} Response Code from JMS was: 500
2019-12-30 11:17:13  Contract inserted: {"status":"error","errors":[{"type":"RUNTIME","code":null,"message":"Error during parameters creation"}]} Response Code from JMS was: 500
2019-12-30 11:18:18  Contract inserted: {"status":"error","errors":[{"type":"RUNTIME","code":null,"message":"Error during parameters creation"}]} Response Code from JMS was: 500
2019-12-30 11:20:37  Contract inserted: {"status":"error","errors":[{"type":"RUNTIME","code":null,"message":null}]} Response Code from JMS was: 500
2020-01-03 14:20:29  Contract inserted:  Response Code from JMS was: 500
2020-01-03 14:23:03  Contract inserted: {"status":"ok","item":{"externalcard":{"cardId":1755,"cardNumber":"6001234563760","mediaType":"proximity","cardParameters":[{"type":"start_validity","value":"1559347200000"},{"type":"end_validity","value":"2556057600000"},{"type":"enabled","value":"TRUE"}],"businessUnitId":null,"accessPolicyId":8,"accountId":null,"customerId":5257,"customerFirstName":"ZARLY","customerLastName":"ZAR","plates":["AP123BP"],"enabled":true}}} Response Code from JMS was: 200
2020-01-03 14:23:56  Contract inserted: {"status":"error","errors":[{"type":"RUNTIME","code":null,"message":null}]} Response Code from JMS was: 500
2020-01-15 14:55:58  Contract inserted: {"status":"error","errors":[{"type":"RUNTIME","code":null,"message":"Error during parameters creation"}]} Response Code from JMS was: 500
2020-01-15 14:55:58  Contract inserted: {"status":"error","errors":[{"type":"RUNTIME","code":null,"message":"Error during parameters creation"}]} Response Code from JMS was: 500
2020-01-15 14:55:58  Contract inserted: {"status":"error","errors":[{"type":"RUNTIME","code":null,"message":"Error during parameters creation"}]} Response Code from JMS was: 500
2020-01-15 14:55:58  Contract inserted: {"status":"error","errors":[{"type":"RUNTIME","code":null,"message":"Error during parameters creation"}]} Response Code from JMS was: 500
2020-01-15 14:55:58  Contract inserted: {"status":"error","errors":[{"type":"RUNTIME","code":null,"message":"Error during parameters creation"}]} Response Code from JMS was: 500
2020-01-15 14:55:58  Contract inserted: {"status":"error","errors":[{"type":"RUNTIME","code":null,"message":"Error during parameters creation"}]} Response Code from JMS was: 500
2020-01-15 14:55:58  Contract inserted: {"status":"error","errors":[{"type":"RUNTIME","code":null,"message":"Error during parameters creation"}]} Response Code from JMS was: 500
2020-01-15 14:55:58  Contract inserted: {"status":"error","errors":[{"type":"RUNTIME","code":null,"message":"Error during parameters creation"}]} Response Code from JMS was: 500
2020-01-15 14:55:58  Contract inserted: {"status":"error","errors":[{"type":"RUNTIME","code":null,"message":"Error during parameters creation"}]} Response Code from JMS was: 500
2020-01-15 14:55:58  Contract inserted: {"status":"error","errors":[{"type":"RUNTIME","code":null,"message":"Error during parameters creation"}]} Response Code from JMS was: 500
2020-01-15 14:55:58  Contract inserted: {"status":"error","errors":[{"type":"RUNTIME","code":null,"message":"Error during parameters creation"}]} Response Code from JMS was: 500
2020-01-15 14:55:58  Contract inserted: {"status":"error","errors":[{"type":"RUNTIME","code":null,"message":"Error during parameters creation"}]} Response Code from JMS was: 500
2020-01-15 14:55:58  Contract inserted: {"status":"error","errors":[{"type":"RUNTIME","code":null,"message":"Error during parameters creation"}]} Response Code from JMS was: 500
2020-01-15 14:57:38  Contract inserted: {"status":"error","errors":[{"type":"RUNTIME","code":null,"message":null}]} Response Code from JMS was: 500
2020-01-17 08:37:08  Contract inserted:  Response Code from JMS was: 500
2020-01-17 08:43:21  Contract inserted:  Response Code from JMS was: 500
2020-01-17 08:44:14  Contract inserted:  Response Code from JMS was: 500
2020-01-17 08:50:22  Contract inserted:  Response Code from JMS was: 500
2020-01-17 09:00:05  Contract inserted:  Response Code from JMS was: 500
2020-01-17 09:01:15  Contract inserted:  Response Code from JMS was: 500
2020-01-17 09:45:19  Contract inserted:  Response Code from JMS was: 500
2020-01-17 10:15:29  Contract inserted:  Response Code from JMS was: 500
2020-01-17 10:41:29  Contract inserted: {"status":"error","errors":[{"type":"RUNTIME","code":null,"message":null}]} Response Code from JMS was: 500
2020-01-17 10:41:29  Contract inserted: {"status":"error","errors":[{"type":"RUNTIME","code":null,"message":null}]} Response Code from JMS was: 500
2020-01-17 10:41:29  Contract inserted: {"status":"ok","item":{"externalcard":{"cardId":4088,"cardNumber":"2201761069","mediaType":"proximity","cardParameters":[{"type":"start_validity","value":"1540339200000"},{"type":"end_validity","value":"1597449600000"},{"type":"enabled","value":"TRUE"}],"businessUnitId":null,"accessPolicyId":14,"accountId":null,"customerId":2699,"customerFirstName":"ABDALLAH","customerLastName":"MAYSA","plates":["AM281ZS"],"enabled":true}}} Response Code from JMS was: 200
2020-01-17 10:41:29  Contract inserted: {"status":"error","errors":[{"type":"RUNTIME","code":null,"message":null}]} Response Code from JMS was: 500
2020-01-17 10:41:29  Contract inserted: {"status":"error","errors":[{"type":"RUNTIME","code":null,"message":null}]} Response Code from JMS was: 500
2020-01-17 10:41:29  Contract inserted: {"status":"error","errors":[{"type":"RUNTIME","code":null,"message":null}]} Response Code from JMS was: 500
2020-01-17 10:41:29  Contract inserted: {"status":"error","errors":[{"type":"RUNTIME","code":null,"message":null}]} Response Code from JMS was: 500
2020-01-17 10:41:29  Contract inserted: {"status":"ok","item":{"externalcard":{"cardId":4089,"cardNumber":"132861634","mediaType":"proximity","cardParameters":[{"type":"start_validity","value":"1540944000000"},{"type":"end_validity","value":"2083536000000"},{"type":"enabled","value":"TRUE"}],"businessUnitId":null,"accessPolicyId":14,"accountId":null,"customerId":2700,"customerFirstName":"ABREO","customerLastName":"GHISLAINE","plates":["DT197TJ"],"enabled":true}}} Response Code from JMS was: 200
2020-07-24 11:29:30  Contract inserted: BENALI ABBES {"status":"ok","item":{"externalcard":{"cardId":40,"cardNumber":null,"mediaType":"plate","cardParameters":[{"type":"start_validity","value":"1595586150"},{"type":"end_validity","value":"2226738150000"},{"type":"enabled","value":"TRUE"}],"businessUnitId":null,"accessPolicyId":1,"accountId":1,"customerId":70,"customerFirstName":"BENALI","customerLastName":"ABBES","plates":["DL543RL"],"enabled":true}}} Response Code from JMS was: 200
2020-07-24 11:29:30  Contract inserted: BENALI ABBES {"status":"ok","item":{"externalcard":{"cardId":41,"cardNumber":null,"mediaType":"plate","cardParameters":[{"type":"start_validity","value":"1595586150"},{"type":"end_validity","value":"2226738150000"},{"type":"enabled","value":"TRUE"}],"businessUnitId":null,"accessPolicyId":1,"accountId":1,"customerId":70,"customerFirstName":"BENALI","customerLastName":"ABBES","plates":["CT917HM"],"enabled":true}}} Response Code from JMS was: 200
2020-07-24 11:29:30  Contract inserted: BENALI MYRIAN {"status":"ok","item":{"externalcard":{"cardId":42,"cardNumber":null,"mediaType":"plate","cardParameters":[{"type":"start_validity","value":"1595586150"},{"type":"end_validity","value":"2226738150000"},{"type":"enabled","value":"TRUE"}],"businessUnitId":null,"accessPolicyId":1,"accountId":1,"customerId":71,"customerFirstName":"BENALI","customerLastName":"MYRIAN","plates":["BY253AE"],"enabled":true}}} Response Code from JMS was: 200
2020-07-27 15:02:26  Contract inserted: ZARLY ZAR {"status":"error","errors":[{"type":"RUNTIME","code":null,"message":"Default media type not linked with external media type"}]} Response Code from JMS was: 500
